<?xml version="1.0" encoding="UTF-8"?>
<!-- Generated by org.testng.reporters.JUnitReportReporter -->
<testsuite hostname="Dharanidhar-PC" failures="0" tests="3" name="Nova.test.StandAloneTest" time="15.440" errors="0" timestamp="2025-05-18T18:09:35 IST" skipped="0">
  <testcase classname="Nova.test.StandAloneTest" name="OrderDetails" time="2.978"/>
  <testcase classname="Nova.test.StandAloneTest" name="SubmitOrder" time="5.298"/>
  <testcase classname="Nova.test.StandAloneTest" name="SubmitOrder" time="7.164"/>
</testsuite> <!-- Nova.test.StandAloneTest -->
