<?xml version="1.0" encoding="UTF-8"?>
<!-- Generated by org.testng.reporters.JUnitReportReporter -->
<testsuite hostname="Dharanidhar-PC" failures="0" tests="3" name="Nova.test.StandAloneTest" time="15.259" errors="0" timestamp="2025-05-18T18:17:59 IST" skipped="0">
  <testcase classname="Nova.test.StandAloneTest" name="SubmitOrder" time="5.703"/>
  <testcase classname="Nova.test.StandAloneTest" name="OrderDetails" time="3.155"/>
  <testcase classname="Nova.test.StandAloneTest" name="SubmitOrder" time="6.401"/>
</testsuite> <!-- Nova.test.StandAloneTest -->
