<?xml version="1.0" encoding="UTF-8"?>
<!-- Generated by org.testng.reporters.JUnitReportReporter -->
<testsuite hostname="Dharanidhar-PC" failures="0" tests="2" name="Nova.test.ErrorValidation" time="8.730" errors="0" timestamp="2025-05-18T18:17:59 IST" skipped="0">
  <testcase classname="Nova.test.ErrorValidation" name="LoginErrorDetails" time="2.097"/>
  <testcase classname="Nova.test.ErrorValidation" name="ProductErrorDetails" time="6.633"/>
</testsuite> <!-- Nova.test.ErrorValidation -->
